This file contains any messages produced by compilers while
running configure, to aid debugging if configure makes a mistake.

It was created by Xyce configure R::6.11.1, which was
generated by GNU Autoconf 2.69.  Invocation command line was

  $ ./configure 

## --------- ##
## Platform. ##
## --------- ##

hostname = liam-Nitro-AN515-51
uname -m = x86_64
uname -r = 4.18.0-21-generic
uname -s = Linux
uname -v = #22~18.04.1-Ubuntu SMP Thu May 16 15:07:19 UTC 2019

/usr/bin/uname -p = unknown
/bin/uname -X     = unknown

/bin/arch              = unknown
/usr/bin/arch -k       = unknown
/usr/convex/getsysinfo = unknown
/usr/bin/hostinfo      = unknown
/bin/machine           = unknown
/usr/bin/oslevel       = unknown
/bin/universe          = unknown

PATH: /usr/local/sbin
PATH: /usr/local/bin
PATH: /usr/sbin
PATH: /usr/bin
PATH: /sbin
PATH: /bin
PATH: /usr/games
PATH: /usr/local/games
PATH: /snap/bin


## ----------- ##
## Core tests. ##
## ----------- ##

configure:2931: checking whether make supports nested variables
configure:2948: result: yes
configure:2966: checking build system type
configure:2980: result: x86_64-pc-linux-gnu
configure:3000: checking host system type
configure:3013: result: x86_64-pc-linux-gnu
configure:3033: checking target system type
configure:3046: result: x86_64-pc-linux-gnu
configure:3089: checking for a BSD-compatible install
configure:3157: result: /usr/bin/install -c
configure:3168: checking whether build environment is sane
configure:3223: result: yes
configure:3374: checking for a thread-safe mkdir -p
configure:3413: result: /bin/mkdir -p
configure:3420: checking for gawk
configure:3436: found /usr/bin/gawk
configure:3447: result: gawk
configure:3458: checking whether make sets $(MAKE)
configure:3480: result: yes
configure:3634: checking whether to build the xyce binary
configure:3637: result: yes
configure:3654: checking whether to build xyce shareable
configure:3663: result: no
configure:4050: checking for iverilog
configure:4078: result: no
configure:4937: checking for CC
configure:4967: result: no
configure:4937: checking for c++
configure:4953: found /usr/bin/c++
configure:4964: result: c++
configure:4991: checking for C++ compiler version
configure:5000: c++ --version >&5
c++ (Ubuntu 7.4.0-1ubuntu1~18.04.1) 7.4.0
Copyright (C) 2017 Free Software Foundation, Inc.
This is free software; see the source for copying conditions.  There is NO
warranty; not even for MERCHANTABILITY or FITNESS FOR A PARTICULAR PURPOSE.

configure:5011: $? = 0
configure:5000: c++ -v >&5
Using built-in specs.
COLLECT_GCC=c++
COLLECT_LTO_WRAPPER=/usr/lib/gcc/x86_64-linux-gnu/7/lto-wrapper
OFFLOAD_TARGET_NAMES=nvptx-none
OFFLOAD_TARGET_DEFAULT=1
Target: x86_64-linux-gnu
Configured with: ../src/configure -v --with-pkgversion='Ubuntu 7.4.0-1ubuntu1~18.04.1' --with-bugurl=file:///usr/share/doc/gcc-7/README.Bugs --enable-languages=c,ada,c++,go,brig,d,fortran,objc,obj-c++ --prefix=/usr --with-gcc-major-version-only --program-suffix=-7 --program-prefix=x86_64-linux-gnu- --enable-shared --enable-linker-build-id --libexecdir=/usr/lib --without-included-gettext --enable-threads=posix --libdir=/usr/lib --enable-nls --with-sysroot=/ --enable-clocale=gnu --enable-libstdcxx-debug --enable-libstdcxx-time=yes --with-default-libstdcxx-abi=new --enable-gnu-unique-object --disable-vtable-verify --enable-libmpx --enable-plugin --enable-default-pie --with-system-zlib --with-target-system-zlib --enable-objc-gc=auto --enable-multiarch --disable-werror --with-arch-32=i686 --with-abi=m64 --with-multilib-list=m32,m64,mx32 --enable-multilib --with-tune=generic --enable-offload-targets=nvptx-none --without-cuda-driver --enable-checking=release --build=x86_64-linux-gnu --host=x86_64-linux-gnu --target=x86_64-linux-gnu
Thread model: posix
gcc version 7.4.0 (Ubuntu 7.4.0-1ubuntu1~18.04.1) 
configure:5011: $? = 0
configure:5000: c++ -V >&5
c++: error: unrecognized command line option '-V'
c++: fatal error: no input files
compilation terminated.
configure:5011: $? = 1
configure:5000: c++ -qversion >&5
c++: error: unrecognized command line option '-qversion'; did you mean '--version'?
c++: fatal error: no input files
compilation terminated.
configure:5011: $? = 1
configure:5031: checking whether the C++ compiler works
configure:5053: c++    conftest.cpp  >&5
configure:5057: $? = 0
configure:5105: result: yes
configure:5108: checking for C++ compiler default output file name
configure:5110: result: a.out
configure:5116: checking for suffix of executables
configure:5123: c++ -o conftest    conftest.cpp  >&5
configure:5127: $? = 0
configure:5149: result: 
configure:5171: checking whether we are cross compiling
configure:5179: c++ -o conftest    conftest.cpp  >&5
configure:5183: $? = 0
configure:5190: ./conftest
configure:5194: $? = 0
configure:5209: result: no
configure:5214: checking for suffix of object files
configure:5236: c++ -c   conftest.cpp >&5
configure:5240: $? = 0
configure:5261: result: o
configure:5265: checking whether we are using the GNU C++ compiler
configure:5284: c++ -c   conftest.cpp >&5
configure:5284: $? = 0
configure:5293: result: yes
configure:5302: checking whether c++ accepts -g
configure:5322: c++ -c -g  conftest.cpp >&5
configure:5322: $? = 0
configure:5363: result: yes
configure:5389: checking whether make supports the include directive
configure:5404: make -f confmf.GNU && cat confinc.out
this is the am__doit target
configure:5407: $? = 0
configure:5426: result: yes (GNU style)
configure:5451: checking dependency style of c++
configure:5562: result: gcc3
configure:5631: checking for cc
configure:5647: found /usr/bin/cc
configure:5658: result: cc
configure:5689: checking for C compiler version
configure:5698: cc --version >&5
cc (Ubuntu 7.4.0-1ubuntu1~18.04.1) 7.4.0
Copyright (C) 2017 Free Software Foundation, Inc.
This is free software; see the source for copying conditions.  There is NO
warranty; not even for MERCHANTABILITY or FITNESS FOR A PARTICULAR PURPOSE.

configure:5709: $? = 0
configure:5698: cc -v >&5
Using built-in specs.
COLLECT_GCC=cc
COLLECT_LTO_WRAPPER=/usr/lib/gcc/x86_64-linux-gnu/7/lto-wrapper
OFFLOAD_TARGET_NAMES=nvptx-none
OFFLOAD_TARGET_DEFAULT=1
Target: x86_64-linux-gnu
Configured with: ../src/configure -v --with-pkgversion='Ubuntu 7.4.0-1ubuntu1~18.04.1' --with-bugurl=file:///usr/share/doc/gcc-7/README.Bugs --enable-languages=c,ada,c++,go,brig,d,fortran,objc,obj-c++ --prefix=/usr --with-gcc-major-version-only --program-suffix=-7 --program-prefix=x86_64-linux-gnu- --enable-shared --enable-linker-build-id --libexecdir=/usr/lib --without-included-gettext --enable-threads=posix --libdir=/usr/lib --enable-nls --with-sysroot=/ --enable-clocale=gnu --enable-libstdcxx-debug --enable-libstdcxx-time=yes --with-default-libstdcxx-abi=new --enable-gnu-unique-object --disable-vtable-verify --enable-libmpx --enable-plugin --enable-default-pie --with-system-zlib --with-target-system-zlib --enable-objc-gc=auto --enable-multiarch --disable-werror --with-arch-32=i686 --with-abi=m64 --with-multilib-list=m32,m64,mx32 --enable-multilib --with-tune=generic --enable-offload-targets=nvptx-none --without-cuda-driver --enable-checking=release --build=x86_64-linux-gnu --host=x86_64-linux-gnu --target=x86_64-linux-gnu
Thread model: posix
gcc version 7.4.0 (Ubuntu 7.4.0-1ubuntu1~18.04.1) 
configure:5709: $? = 0
configure:5698: cc -V >&5
cc: error: unrecognized command line option '-V'
cc: fatal error: no input files
compilation terminated.
configure:5709: $? = 1
configure:5698: cc -qversion >&5
cc: error: unrecognized command line option '-qversion'; did you mean '--version'?
cc: fatal error: no input files
compilation terminated.
configure:5709: $? = 1
configure:5713: checking whether we are using the GNU C compiler
configure:5732: cc -c   conftest.c >&5
configure:5732: $? = 0
configure:5741: result: yes
configure:5750: checking whether cc accepts -g
configure:5770: cc -c -g  conftest.c >&5
configure:5770: $? = 0
configure:5811: result: yes
configure:5828: checking for cc option to accept ISO C89
configure:5891: cc  -c -g -O2  conftest.c >&5
configure:5891: $? = 0
configure:5904: result: none needed
configure:5929: checking whether cc understands -c and -o together
configure:5951: cc -c conftest.c -o conftest2.o
configure:5954: $? = 0
configure:5951: cc -c conftest.c -o conftest2.o
configure:5954: $? = 0
configure:5966: result: yes
configure:5985: checking dependency style of cc
configure:6096: result: gcc3
configure:6165: checking for f77
configure:6195: result: no
configure:6165: checking for g77
configure:6195: result: no
configure:6165: checking for g95
configure:6195: result: no
configure:6165: checking for gfortran
configure:6195: result: no
configure:6165: checking for ifort
configure:6195: result: no
configure:6218: checking for Fortran 77 compiler version
configure:6227:  --version >&5
./configure: line 6229: --version: command not found
configure:6238: $? = 127
configure:6227:  -v >&5
./configure: line 6229: -v: command not found
configure:6238: $? = 127
configure:6227:  -V >&5
./configure: line 6229: -V: command not found
configure:6238: $? = 127
configure:6227:  -qversion >&5
./configure: line 6229: -qversion: command not found
configure:6238: $? = 127
configure:6247: checking whether we are using the GNU Fortran 77 compiler
configure:6260:  -c  conftest.F >&5
./configure: line 1856: -c: command not found
configure:6260: $? = 127
configure: failed program was:
|       program main
| #ifndef __GNUC__
|        choke me
| #endif
| 
|       end
configure:6269: result: no
configure:6275: checking whether  accepts -g
configure:6286:  -c -g conftest.f >&5
./configure: line 1856: -c: command not found
configure:6286: $? = 127
configure: failed program was:
|       program main
| 
|       end
configure:6294: result: no
configure:6340: checking for flex
configure:6370: result: no
configure:6340: checking for lex
configure:6370: result: no
configure:6501: checking for bison
configure:6529: result: no
configure:6713: error: "Requested reaction parser, but no FLEX."

## ---------------- ##
## Cache variables. ##
## ---------------- ##

ac_cv_build=x86_64-pc-linux-gnu
ac_cv_c_compiler_gnu=yes
ac_cv_cxx_compiler_gnu=yes
ac_cv_env_CCC_set=
ac_cv_env_CCC_value=
ac_cv_env_CC_set=
ac_cv_env_CC_value=
ac_cv_env_CFLAGS_set=
ac_cv_env_CFLAGS_value=
ac_cv_env_CPPFLAGS_set=
ac_cv_env_CPPFLAGS_value=
ac_cv_env_CPP_set=
ac_cv_env_CPP_value=
ac_cv_env_CXXCPP_set=
ac_cv_env_CXXCPP_value=
ac_cv_env_CXXFLAGS_set=
ac_cv_env_CXXFLAGS_value=
ac_cv_env_CXX_set=
ac_cv_env_CXX_value=
ac_cv_env_F77_set=
ac_cv_env_F77_value=
ac_cv_env_FFLAGS_set=
ac_cv_env_FFLAGS_value=
ac_cv_env_LDFLAGS_set=
ac_cv_env_LDFLAGS_value=
ac_cv_env_LIBS_set=
ac_cv_env_LIBS_value=
ac_cv_env_LT_SYS_LIBRARY_PATH_set=
ac_cv_env_LT_SYS_LIBRARY_PATH_value=
ac_cv_env_build_alias_set=
ac_cv_env_build_alias_value=
ac_cv_env_host_alias_set=
ac_cv_env_host_alias_value=
ac_cv_env_target_alias_set=
ac_cv_env_target_alias_value=
ac_cv_f77_compiler_gnu=no
ac_cv_host=x86_64-pc-linux-gnu
ac_cv_objext=o
ac_cv_path_install='/usr/bin/install -c'
ac_cv_path_mkdir=/bin/mkdir
ac_cv_prog_AWK=gawk
ac_cv_prog_BISON=no
ac_cv_prog_HAS_IVERILOG=no
ac_cv_prog_ac_ct_CC=cc
ac_cv_prog_ac_ct_CXX=c++
ac_cv_prog_cc_c89=
ac_cv_prog_cc_g=yes
ac_cv_prog_cxx_g=yes
ac_cv_prog_f77_g=no
ac_cv_prog_make_make_set=yes
ac_cv_target=x86_64-pc-linux-gnu
am_cv_CC_dependencies_compiler_type=gcc3
am_cv_CXX_dependencies_compiler_type=gcc3
am_cv_make_support_nested_variables=yes
am_cv_prog_cc_c_o=yes

## ----------------- ##
## Output variables. ##
## ----------------- ##

ACLOCAL='${SHELL} /home/liam/Documents/internship_Nexedi/Xyce/Xyce-6.11.1/config/missing aclocal-1.16'
ADMSMODELS_FALSE='#'
ADMSMODELS_TRUE=''
ADMS_CXXFLAGS=''
AMDEPBACKSLASH='\'
AMDEP_FALSE='#'
AMDEP_TRUE=''
AMTAR='$${TAR-tar}'
AM_BACKSLASH='\'
AM_DEFAULT_V='$(AM_DEFAULT_VERBOSITY)'
AM_DEFAULT_VERBOSITY='0'
AM_V='$(V)'
AR=''
AUTOCONF='${SHELL} /home/liam/Documents/internship_Nexedi/Xyce/Xyce-6.11.1/config/missing autoconf'
AUTOHEADER='${SHELL} /home/liam/Documents/internship_Nexedi/Xyce/Xyce-6.11.1/config/missing autoheader'
AUTOMAKE='${SHELL} /home/liam/Documents/internship_Nexedi/Xyce/Xyce-6.11.1/config/missing automake-1.16'
AWK='gawk'
BISON='no'
BUILD_AMESOS2_SUPPORT_FALSE=''
BUILD_AMESOS2_SUPPORT_TRUE='#'
BUILD_ATHENA_FALSE=''
BUILD_ATHENA_TRUE=''
BUILD_BELOS_SUPPORT_FALSE='#'
BUILD_BELOS_SUPPORT_TRUE=''
BUILD_CHARON_SUPPORT_FALSE=''
BUILD_CHARON_SUPPORT_TRUE='#'
BUILD_FFTW_SUPPORT_FALSE=''
BUILD_FFTW_SUPPORT_TRUE=''
BUILD_HDF5_SUPPORT_FALSE=''
BUILD_HDF5_SUPPORT_TRUE=''
BUILD_INTEL_FFT_SUPPORT_FALSE=''
BUILD_INTEL_FFT_SUPPORT_TRUE=''
BUILD_KSPARSE_FALSE='#'
BUILD_KSPARSE_TRUE=''
BUILD_REACTION_PARSER_FALSE=''
BUILD_REACTION_PARSER_TRUE=''
BUILD_ROL_SUPPORT_FALSE=''
BUILD_ROL_SUPPORT_TRUE='#'
BUILD_SHYLU_SUPPORT_FALSE=''
BUILD_SHYLU_SUPPORT_TRUE='#'
BUILD_STOKHOS_FALSE=''
BUILD_STOKHOS_TRUE='#'
BUILD_XYCE_BINARY_FALSE='#'
BUILD_XYCE_BINARY_TRUE=''
BUILD_XYCE_SHAREABLE_FALSE=''
BUILD_XYCE_SHAREABLE_TRUE='#'
CC='cc'
CCDEPMODE='depmode=gcc3'
CFLAGS='-g -O2'
CPACK_GENERATOR=''
CPACK_PACKAGE_FILE_NAME=''
CPACK_PACKAGE_NAME=''
CPACK_PACKAGING_INSTALL_PREFIX=''
CPACK_RPM_DEPENDS_SET_LINE=''
CPACK_RPM_PACKAGE_LICENSE=''
CPACK_RPM_PACKAGE_NAME=''
CPACK_SYSTEM_NAME=''
CPP=''
CPPFLAGS=''
CXX='c++'
CXXCPP=''
CXXDEPMODE='depmode=gcc3'
CXXFLAGS='-g -O2'
CYGPATH_W='echo'
DAKOTA_ARCHDIR=''
DAKOTA_LINK_FALSE=''
DAKOTA_LINK_TRUE='#'
DAKOTA_OBJ_NEEDED_FALSE=''
DAKOTA_OBJ_NEEDED_TRUE='#'
DEFS=''
DEPDIR='.deps'
DLLTOOL=''
DSYMUTIL=''
DUMPBIN=''
ECHO_C=''
ECHO_N='-n'
ECHO_T=''
EGREP=''
EXEEXT=''
F77=''
FFLAGS=''
FGREP=''
FLIBS=''
GREP=''
HAS_IVERILOG='no'
INSTALL_DATA='${INSTALL} -m 644'
INSTALL_PROGRAM='${INSTALL}'
INSTALL_SCRIPT='${INSTALL}'
INSTALL_STRIP_PROGRAM='$(install_sh) -c -s'
LD=''
LDFLAGS=''
LEX=':'
LEXLIB=''
LEX_OUTPUT_ROOT=''
LIBOBJS=''
LIBS=''
LIBTOOL=''
LIBTOOLFLAGS=''
LIBTOOL_DEPS=''
LIPO=''
LN_S=''
LTLIBOBJS=''
LT_SYS_LIBRARY_PATH=''
MAKEINFO='${SHELL} /home/liam/Documents/internship_Nexedi/Xyce/Xyce-6.11.1/config/missing makeinfo'
MANIFEST_TOOL=''
MAYBE_ADMS='ADMS'
MAYBE_BERKELEY=''
MAYBE_LIBEXEC_SCRIPTS=''
MAYBE_NEURON='NeuronModels'
MAYBE_NONFREE=''
MAYBE_PLUGIN=''
MAYBE_RAD=''
MAYBE_SCRIPTS=''
MAYBE_UTILS=''
MAYBE_VPITESTS=''
MKDIR_P='/bin/mkdir -p'
MODSPECMODELS_FALSE=''
MODSPECMODELS_TRUE='#'
NEURONMODELS_FALSE='#'
NEURONMODELS_TRUE=''
NM=''
NMEDIT=''
NONFREEMODELS_FALSE=''
NONFREEMODELS_TRUE='#'
OBJDUMP=''
OBJEXT='o'
OTOOL64=''
OTOOL=''
PACKAGE='xyce'
PACKAGE_BUGREPORT='xyce@sandia.gov'
PACKAGE_NAME='Xyce'
PACKAGE_STRING='Xyce_R::6.11.1'
PACKAGE_TARNAME='xyce'
PACKAGE_URL=''
PACKAGE_VERSION='R::6.11.1'
PATH_SEPARATOR=':'
RADMODELS_FALSE=''
RADMODELS_TRUE='#'
RANLIB=''
RAW_CPPFLAGS=''
SED=''
SET_MAKE=''
SHELL='/bin/bash'
STRIP=''
THREADS_FALSE=''
THREADS_TRUE='#'
TRILINOS_DEV_FALSE=''
TRILINOS_DEV_TRUE='#'
VERSION='R::6.11.1'
VPI_BASE=''
XYCELIBS=''
XYCE_LICENSE=''
XYCE_SRCDIR=''
Xyce_INCS=''
Xyce_VERSION=''
Xyce_VERSION_MAJOR=''
Xyce_VERSION_MINOR=''
Xyce_VERSION_PATCH=''
ac_ct_AR=''
ac_ct_CC='cc'
ac_ct_CXX='c++'
ac_ct_DUMPBIN=''
ac_ct_F77=''
am__EXEEXT_FALSE=''
am__EXEEXT_TRUE=''
am__fastdepCC_FALSE='#'
am__fastdepCC_TRUE=''
am__fastdepCXX_FALSE='#'
am__fastdepCXX_TRUE=''
am__include='include'
am__isrc=''
am__leading_dot='.'
am__nodep='_no'
am__quote=''
am__tar='$${TAR-tar} chof - "$$tardir"'
am__untar='$${TAR-tar} xf -'
bindir='${exec_prefix}/bin'
build='x86_64-pc-linux-gnu'
build_alias=''
build_cpu='x86_64'
build_os='linux-gnu'
build_vendor='pc'
datadir='${datarootdir}'
datarootdir='${prefix}/share'
docdir='${datarootdir}/doc/${PACKAGE_TARNAME}'
dvidir='${docdir}'
exec_prefix='NONE'
host='x86_64-pc-linux-gnu'
host_alias=''
host_cpu='x86_64'
host_os='linux-gnu'
host_vendor='pc'
htmldir='${docdir}'
includedir='${prefix}/include'
infodir='${datarootdir}/info'
install_sh='${SHELL} /home/liam/Documents/internship_Nexedi/Xyce/Xyce-6.11.1/config/install-sh'
libdir='${exec_prefix}/lib'
libexecdir='${exec_prefix}/libexec'
localedir='${datarootdir}/locale'
localstatedir='${prefix}/var'
mandir='${datarootdir}/man'
mkdir_p='$(MKDIR_P)'
oldincludedir='/usr/include'
pdfdir='${docdir}'
prefix='NONE'
program_transform_name='s,x,x,'
psdir='${docdir}'
sbindir='${exec_prefix}/sbin'
sharedstatedir='${prefix}/com'
sysconfdir='${prefix}/etc'
target='x86_64-pc-linux-gnu'
target_alias=''
target_cpu='x86_64'
target_os='linux-gnu'
target_vendor='pc'

## ----------- ##
## confdefs.h. ##
## ----------- ##

/* confdefs.h */
#define PACKAGE_NAME "Xyce"
#define PACKAGE_TARNAME "xyce"
#define PACKAGE_VERSION "R::6.11.1"
#define PACKAGE_STRING "Xyce_R::6.11.1"
#define PACKAGE_BUGREPORT "xyce@sandia.gov"
#define PACKAGE_URL ""
#define PACKAGE "xyce"
#define VERSION "R::6.11.1"
#define Xyce_SPICE_NORMS 1
#define Xyce_NOX_USE_VECTOR_COPY 1
#define Xyce_ADMS_MODELS 1
#define Xyce_NEURON_MODELS 1
#define Xyce_USE_ISORROPIA 1
#define Xyce_USE_ZOLTAN 1
#define Xyce_KSPARSE 1
#define Xyce_BELOS 1
#define Xyce_AMD 1
#define Xyce_OP_START 1
#define Xyce_FORTRAN_BLAS 1
#define Xyce_REACTION_PARSER 1
#define Xyce_FFT 1
#define Xyce_IntelFFT 1
#define Xyce_FFTW 1
#define Xyce_ATHENA_REQUSTED 1
#define Xyce_ADMS_SENSITIVITIES 1

configure: exit 1
